# JRE version: OpenJDK Runtime Environment Microsoft-7208460 (11.0.18+10) (build 11.0.18+10-LTS)
# Java VM: OpenJDK 64-Bit Server VM Microsoft-7208460 (11.0.18+10-LTS, mixed mode, tiered, compressed oops, g1 gc, windows-amd64)
Heap:
 garbage-first heap   total 262144K, used 101745K [0x0000000080000000, 0x0000000100000000)
  region size 1024K, 50 young (51200K), 20 survivors (20480K)
 Metaspace       used 82181K, capacity 84533K, committed 84744K, reserved 589824K
  class space    used 10508K, capacity 11459K, committed 11520K, reserved 516096K
GC Heap History (20 events):
Event: 3.071 GC heap before
{Heap before GC invocations=2 (full 0):
 garbage-first heap   total 262144K, used 41711K [0x0000000080000000, 0x0000000100000000)
  region size 1024K, 33 young (33792K), 4 survivors (4096K)
 Metaspace       used 11380K, capacity 11635K, committed 11904K, reserved 528384K
  class space    used 1210K, capacity 1310K, committed 1408K, reserved 516096K
}
Event: 3.075 GC heap after
{Heap after GC invocations=3 (full 0):
 garbage-first heap   total 262144K, used 15561K [0x0000000080000000, 0x0000000100000000)
  region size 1024K, 5 young (5120K), 5 survivors (5120K)
 Metaspace       used 11380K, capacity 11635K, committed 11904K, reserved 528384K
  class space    used 1210K, capacity 1310K, committed 1408K, reserved 516096K
}
Event: 4.899 GC heap before
{Heap before GC invocations=3 (full 0):
 garbage-first heap   total 262144K, used 54473K [0x0000000080000000, 0x0000000100000000)
  region size 1024K, 43 young (44032K), 5 survivors (5120K)
 Metaspace       used 20218K, capacity 20707K, committed 20864K, reserved 534528K
  class space    used 2394K, capacity 2575K, committed 2688K, reserved 516096K
}
Event: 4.906 GC heap after
{Heap after GC invocations=4 (full 0):
 garbage-first heap   total 262144K, used 18181K [0x0000000080000000, 0x0000000100000000)
  region size 1024K, 6 young (6144K), 6 survivors (6144K)
 Metaspace       used 20218K, capacity 20707K, committed 20864K, reserved 534528K
  class space    used 2394K, capacity 2575K, committed 2688K, reserved 516096K
}
Event: 5.017 GC heap before
{Heap before GC invocations=4 (full 0):
 garbage-first heap   total 262144K, used 24325K [0x0000000080000000, 0x0000000100000000)
  region size 1024K, 13 young (13312K), 6 survivors (6144K)
 Metaspace       used 20812K, capacity 21185K, committed 21296K, reserved 536576K
  class space    used 2484K, capacity 2651K, committed 2688K, reserved 516096K
}
Event: 5.022 GC heap after
{Heap after GC invocations=5 (full 0):
 garbage-first heap   total 262144K, used 18530K [0x0000000080000000, 0x0000000100000000)
  region size 1024K, 3 young (3072K), 3 survivors (3072K)
 Metaspace       used 20812K, capacity 21185K, committed 21296K, reserved 536576K
  class space    used 2484K, capacity 2651K, committed 2688K, reserved 516096K
}
Event: 5.967 GC heap before
{Heap before GC invocations=6 (full 0):
 garbage-first heap   total 262144K, used 76898K [0x0000000080000000, 0x0000000100000000)
  region size 1024K, 60 young (61440K), 3 survivors (3072K)
 Metaspace       used 26332K, capacity 26866K, committed 27184K, reserved 540672K
  class space    used 3374K, capacity 3590K, committed 3712K, reserved 516096K
}
Event: 5.972 GC heap after
{Heap after GC invocations=7 (full 0):
 garbage-first heap   total 262144K, used 20578K [0x0000000080000000, 0x0000000100000000)
  region size 1024K, 5 young (5120K), 5 survivors (5120K)
 Metaspace       used 26332K, capacity 26866K, committed 27184K, reserved 540672K
  class space    used 3374K, capacity 3590K, committed 3712K, reserved 516096K
}
Event: 7.665 GC heap before
{Heap before GC invocations=7 (full 0):
 garbage-first heap   total 262144K, used 89186K [0x0000000080000000, 0x0000000100000000)
  region size 1024K, 73 young (74752K), 5 survivors (5120K)
 Metaspace       used 34958K, capacity 35779K, committed 35920K, reserved 548864K
  class space    used 4464K, capacity 4780K, committed 4864K, reserved 516096K
}
Event: 7.683 GC heap after
{Heap after GC invocations=8 (full 0):
 garbage-first heap   total 262144K, used 23869K [0x0000000080000000, 0x0000000100000000)
  region size 1024K, 9 young (9216K), 9 survivors (9216K)
 Metaspace       used 34958K, capacity 35779K, committed 35920K, reserved 548864K
  class space    used 4464K, capacity 4780K, committed 4864K, reserved 516096K
}
Event: 13.585 GC heap before
{Heap before GC invocations=9 (full 0):
 garbage-first heap   total 262144K, used 131389K [0x0000000080000000, 0x0000000100000000)
  region size 1024K, 111 young (113664K), 9 survivors (9216K)
 Metaspace       used 44064K, capacity 45287K, committed 45520K, reserved 557056K
  class space    used 5500K, capacity 5994K, committed 6016K, reserved 516096K
}
Event: 13.598 GC heap after
{Heap after GC invocations=10 (full 0):
 garbage-first heap   total 262144K, used 30962K [0x0000000080000000, 0x0000000100000000)
  region size 1024K, 13 young (13312K), 13 survivors (13312K)
 Metaspace       used 44064K, capacity 45287K, committed 45520K, reserved 557056K
  class space    used 5500K, capacity 5994K, committed 6016K, reserved 516096K
}
Event: 16.933 GC heap before
{Heap before GC invocations=10 (full 0):
 garbage-first heap   total 262144K, used 180466K [0x0000000080000000, 0x0000000100000000)
  region size 1024K, 153 young (156672K), 13 survivors (13312K)
 Metaspace       used 56080K, capacity 57678K, committed 57936K, reserved 567296K
  class space    used 7230K, capacity 7868K, committed 7936K, reserved 516096K
}
Event: 16.948 GC heap after
{Heap after GC invocations=11 (full 0):
 garbage-first heap   total 262144K, used 42852K [0x0000000080000000, 0x0000000100000000)
  region size 1024K, 16 young (16384K), 16 survivors (16384K)
 Metaspace       used 56080K, capacity 57678K, committed 57936K, reserved 567296K
  class space    used 7230K, capacity 7868K, committed 7936K, reserved 516096K
}
Event: 17.952 GC heap before
{Heap before GC invocations=11 (full 0):
 garbage-first heap   total 262144K, used 74596K [0x0000000080000000, 0x0000000100000000)
  region size 1024K, 48 young (49152K), 16 survivors (16384K)
 Metaspace       used 58494K, capacity 60211K, committed 60296K, reserved 569344K
  class space    used 7566K, capacity 8308K, committed 8320K, reserved 516096K
}
Event: 17.969 GC heap after
{Heap after GC invocations=12 (full 0):
 garbage-first heap   total 262144K, used 44544K [0x0000000080000000, 0x0000000100000000)
  region size 1024K, 9 young (9216K), 9 survivors (9216K)
 Metaspace       used 58494K, capacity 60211K, committed 60296K, reserved 569344K
  class space    used 7566K, capacity 8308K, committed 8320K, reserved 516096K
}
Event: 24.453 GC heap before
{Heap before GC invocations=13 (full 0):
 garbage-first heap   total 262144K, used 186880K [0x0000000080000000, 0x0000000100000000)
  region size 1024K, 148 young (151552K), 9 survivors (9216K)
 Metaspace       used 68183K, capacity 70228K, committed 70408K, reserved 577536K
  class space    used 8888K, capacity 9728K, committed 9728K, reserved 516096K
}
Event: 24.464 GC heap after
{Heap after GC invocations=14 (full 0):
 garbage-first heap   total 262144K, used 50033K [0x0000000080000000, 0x0000000100000000)
  region size 1024K, 14 young (14336K), 14 survivors (14336K)
 Metaspace       used 68183K, capacity 70228K, committed 70408K, reserved 577536K
  class space    used 8888K, capacity 9728K, committed 9728K, reserved 516096K
}
Event: 41.527 GC heap before
{Heap before GC invocations=14 (full 0):
 garbage-first heap   total 262144K, used 195441K [0x0000000080000000, 0x0000000100000000)
  region size 1024K, 153 young (156672K), 14 survivors (14336K)
 Metaspace       used 80491K, capacity 82838K, committed 82952K, reserved 589824K
  class space    used 10291K, capacity 11262K, committed 11264K, reserved 516096K
}
Event: 41.548 GC heap after
{Heap after GC invocations=15 (full 0):
 garbage-first heap   total 262144K, used 64881K [0x0000000080000000, 0x0000000100000000)
  region size 1024K, 20 young (20480K), 20 survivors (20480K)
 Metaspace       used 80491K, capacity 82838K, committed 82952K, reserved 589824K
  class space    used 10291K, capacity 11262K, committed 11264K, reserved 516096K
}

